<?xml version="1.0" encoding="UTF-8"?>
<!-- Generated by org.testng.reporters.JUnitReportReporter -->
<testsuite skipped="0" hostname="user-PC" name="com.qa.smokesuite.testcases.DemoTest_case1" tests="2" failures="0" timestamp="19 Apr 2021 12:13:24 GMT" time="113.902" errors="0">
  <testcase name="test2" time="35.861" classname="com.qa.smokesuite.testcases.DemoTest_case1"/>
  <testcase name="test1" time="78.041" classname="com.qa.smokesuite.testcases.DemoTest_case1"/>
</testsuite> <!-- com.qa.smokesuite.testcases.DemoTest_case1 -->
