<?xml version="1.0" encoding="UTF-8"?>
<!-- Generated by org.testng.reporters.JUnitReportReporter -->
<testsuite skipped="0" hostname="user-PC" name="com.qa.smokesuite.testcases.DemoTest_case3" tests="2" failures="0" timestamp="19 Apr 2021 12:13:24 GMT" time="140.830" errors="0">
  <testcase name="tc_test2" time="100.965" classname="com.qa.smokesuite.testcases.DemoTest_case3"/>
  <testcase name="tc_test" time="39.865" classname="com.qa.smokesuite.testcases.DemoTest_case3"/>
</testsuite> <!-- com.qa.smokesuite.testcases.DemoTest_case3 -->
