<?xml version="1.0" encoding="UTF-8"?>
<!-- Generated by org.testng.reporters.JUnitReportReporter -->
<testsuite skipped="0" hostname="user-PC" name="com.qa.smokesuite.testcases.DemoTest_case2" tests="2" failures="0" timestamp="19 Apr 2021 12:13:24 GMT" time="92.614" errors="0">
  <testcase name="tc_test2" time="54.225" classname="com.qa.smokesuite.testcases.DemoTest_case2"/>
  <testcase name="tc_test1" time="38.389" classname="com.qa.smokesuite.testcases.DemoTest_case2"/>
</testsuite> <!-- com.qa.smokesuite.testcases.DemoTest_case2 -->
