<?xml version="1.0" encoding="UTF-8"?>
<!-- Generated by org.testng.reporters.JUnitReportReporter -->
<testsuite skipped="0" hostname="user-PC" name="com.qa.smokesuite.testcases.DemoTest_case3" tests="2" failures="0" timestamp="20 Apr 2021 10:04:02 GMT" time="112.997" errors="0">
  <testcase name="tc_test" time="41.484" classname="com.qa.smokesuite.testcases.DemoTest_case3"/>
  <testcase name="tc_test2" time="71.513" classname="com.qa.smokesuite.testcases.DemoTest_case3"/>
</testsuite> <!-- com.qa.smokesuite.testcases.DemoTest_case3 -->
