<?xml version="1.0" encoding="UTF-8"?>
<!-- Generated by org.testng.reporters.JUnitReportReporter -->
<testsuite skipped="0" hostname="user-PC" name="com.qa.smokesuite.testcases.DemoTest_case2" tests="2" failures="0" timestamp="20 Apr 2021 10:04:02 GMT" time="60.108" errors="0">
  <testcase name="tc_test1" time="17.638" classname="com.qa.smokesuite.testcases.DemoTest_case2"/>
  <testcase name="tc_test2" time="42.470" classname="com.qa.smokesuite.testcases.DemoTest_case2"/>
</testsuite> <!-- com.qa.smokesuite.testcases.DemoTest_case2 -->
