<?xml version="1.0" encoding="UTF-8"?>
<!-- Generated by org.testng.reporters.JUnitReportReporter -->
<testsuite skipped="0" hostname="user-PC" name="com.qa.smokesuite.testcases.DemoTest_case1" tests="2" failures="0" timestamp="20 Apr 2021 10:04:02 GMT" time="89.698" errors="0">
  <testcase name="test2" time="4.038" classname="com.qa.smokesuite.testcases.DemoTest_case1"/>
  <testcase name="test1" time="85.660" classname="com.qa.smokesuite.testcases.DemoTest_case1"/>
</testsuite> <!-- com.qa.smokesuite.testcases.DemoTest_case1 -->
